This is XeTeX, Version 3.14159265-2.6-0.999992 (TeX Live 2020) (preloaded format=xelatex 2020.11.3)  19 NOV 2020 16:01
entering extended mode
 restricted \write18 enabled.
 %&-line parsing enabled.
**livroR-1.0.tex
(./livroR-1.0.tex
LaTeX2e <2020-10-01> patch level 2
L3 programming layer <2020-10-27> xparse <2020-03-03> (/home/wilson/.TinyTeX/te
xmf-dist/tex/latex/base/book.cls
Document Class: book 2020/04/10 v1.4m Standard LaTeX document class
(/home/wilson/.TinyTeX/texmf-dist/tex/latex/base/bk10.clo
File: bk10.clo 2020/04/10 v1.4m Standard LaTeX file (size option)
)
\c@part=\count171
\c@chapter=\count172
\c@section=\count173
\c@subsection=\count174
\c@subsubsection=\count175
\c@paragraph=\count176
\c@subparagraph=\count177
\c@figure=\count178
\c@table=\count179
\abovecaptionskip=\skip47
\belowcaptionskip=\skip48
\bibindent=\dimen138
) (/home/wilson/.TinyTeX/texmf-dist/tex/latex/lm/lmodern.sty
Package: lmodern 2009/10/30 v1.6 Latin Modern Fonts
LaTeX Font Info:    Overwriting symbol font `operators' in version `normal'
(Font)                  OT1/cmr/m/n --> OT1/lmr/m/n on input line 22.
LaTeX Font Info:    Overwriting symbol font `letters' in version `normal'
(Font)                  OML/cmm/m/it --> OML/lmm/m/it on input line 23.
LaTeX Font Info:    Overwriting symbol font `symbols' in version `normal'
(Font)                  OMS/cmsy/m/n --> OMS/lmsy/m/n on input line 24.
LaTeX Font Info:    Overwriting symbol font `largesymbols' in version `normal'
(Font)                  OMX/cmex/m/n --> OMX/lmex/m/n on input line 25.
LaTeX Font Info:    Overwriting symbol font `operators' in version `bold'
(Font)                  OT1/cmr/bx/n --> OT1/lmr/bx/n on input line 26.
LaTeX Font Info:    Overwriting symbol font `letters' in version `bold'
(Font)                  OML/cmm/b/it --> OML/lmm/b/it on input line 27.
LaTeX Font Info:    Overwriting symbol font `symbols' in version `bold'
(Font)                  OMS/cmsy/b/n --> OMS/lmsy/b/n on input line 28.
LaTeX Font Info:    Overwriting symbol font `largesymbols' in version `bold'
(Font)                  OMX/cmex/m/n --> OMX/lmex/m/n on input line 29.
LaTeX Font Info:    Overwriting math alphabet `\mathbf' in version `normal'
(Font)                  OT1/cmr/bx/n --> OT1/lmr/bx/n on input line 31.
LaTeX Font Info:    Overwriting math alphabet `\mathsf' in version `normal'
(Font)                  OT1/cmss/m/n --> OT1/lmss/m/n on input line 32.
LaTeX Font Info:    Overwriting math alphabet `\mathit' in version `normal'
(Font)                  OT1/cmr/m/it --> OT1/lmr/m/it on input line 33.
LaTeX Font Info:    Overwriting math alphabet `\mathtt' in version `normal'
(Font)                  OT1/cmtt/m/n --> OT1/lmtt/m/n on input line 34.
LaTeX Font Info:    Overwriting math alphabet `\mathbf' in version `bold'
(Font)                  OT1/cmr/bx/n --> OT1/lmr/bx/n on input line 35.
LaTeX Font Info:    Overwriting math alphabet `\mathsf' in version `bold'
(Font)                  OT1/cmss/bx/n --> OT1/lmss/bx/n on input line 36.
LaTeX Font Info:    Overwriting math alphabet `\mathit' in version `bold'
(Font)                  OT1/cmr/bx/it --> OT1/lmr/bx/it on input line 37.
LaTeX Font Info:    Overwriting math alphabet `\mathtt' in version `bold'
(Font)                  OT1/cmtt/m/n --> OT1/lmtt/m/n on input line 38.
) (/home/wilson/.TinyTeX/texmf-dist/tex/latex/amsfonts/amssymb.sty
Package: amssymb 2013/01/14 v3.01 AMS font symbols
(/home/wilson/.TinyTeX/texmf-dist/tex/latex/amsfonts/amsfonts.sty
Package: amsfonts 2013/01/14 v3.01 Basic AMSFonts support
\@emptytoks=\toks15
\symAMSa=\mathgroup4
\symAMSb=\mathgroup5
LaTeX Font Info:    Redeclaring math symbol \hbar on input line 98.
LaTeX Font Info:    Overwriting math alphabet `\mathfrak' in version `bold'
(Font)                  U/euf/m/n --> U/euf/b/n on input line 106.
)) (/home/wilson/.TinyTeX/texmf-dist/tex/latex/amsmath/amsmath.sty
Package: amsmath 2020/09/23 v2.17i AMS math features
\@mathmargin=\skip49
For additional information on amsmath, use the `?' option.
(/home/wilson/.TinyTeX/texmf-dist/tex/latex/amsmath/amstext.sty
Package: amstext 2000/06/29 v2.01 AMS text
(/home/wilson/.TinyTeX/texmf-dist/tex/latex/amsmath/amsgen.sty
File: amsgen.sty 1999/11/30 v2.0 generic functions
\@emptytoks=\toks16
\ex@=\dimen139
)) (/home/wilson/.TinyTeX/texmf-dist/tex/latex/amsmath/amsbsy.sty
Package: amsbsy 1999/11/29 v1.2d Bold Symbols
\pmbraise@=\dimen140
) (/home/wilson/.TinyTeX/texmf-dist/tex/latex/amsmath/amsopn.sty
Package: amsopn 2016/03/08 v2.02 operator names
)
\inf@bad=\count180
LaTeX Info: Redefining \frac on input line 234.
\uproot@=\count181
\leftroot@=\count182
LaTeX Info: Redefining \overline on input line 399.
\classnum@=\count183
\DOTSCASE@=\count184
LaTeX Info: Redefining \ldots on input line 496.
LaTeX Info: Redefining \dots on input line 499.
LaTeX Info: Redefining \cdots on input line 620.
\Mathstrutbox@=\box47
\strutbox@=\box48
\big@size=\dimen141
LaTeX Font Info:    Redeclaring font encoding OML on input line 743.
LaTeX Font Info:    Redeclaring font encoding OMS on input line 744.
\macc@depth=\count185
\c@MaxMatrixCols=\count186
\dotsspace@=\muskip16
\c@parentequation=\count187
\dspbrk@lvl=\count188
\tag@help=\toks17
\row@=\count189
\column@=\count190
\maxfields@=\count191
\andhelp@=\toks18
\eqnshift@=\dimen142
\alignsep@=\dimen143
\tagshift@=\dimen144
\tagwidth@=\dimen145
\totwidth@=\dimen146
\lineht@=\dimen147
\@envbody=\toks19
\multlinegap=\skip50
\multlinetaggap=\skip51
\mathdisplay@stack=\toks20
LaTeX Info: Redefining \[ on input line 2923.
LaTeX Info: Redefining \] on input line 2924.
) (/home/wilson/.TinyTeX/texmf-dist/tex/generic/iftex/ifxetex.sty
Package: ifxetex 2019/10/25 v0.7 ifxetex legacy package. Use iftex instead.
(/home/wilson/.TinyTeX/texmf-dist/tex/generic/iftex/iftex.sty
Package: iftex 2020/03/06 v1.0d TeX engine tests
)) (/home/wilson/.TinyTeX/texmf-dist/tex/generic/iftex/ifluatex.sty
Package: ifluatex 2019/10/25 v1.5 ifluatex legacy package. Use iftex instead.
) (/home/wilson/.TinyTeX/texmf-dist/tex/latex/base/fixltx2e.sty
Package: fixltx2e 2016/12/29 v2.1a fixes to LaTeX (obsolete)
Applying: [2015/01/01] Old fixltx2e package on input line 46.

Package fixltx2e Warning: fixltx2e is not required with releases after 2015
(fixltx2e)                All fixes are now in the LaTeX kernel.
(fixltx2e)                See the latexrelease package for details.

Already applied: [0000/00/00] Old fixltx2e package on input line 53.
) (/home/wilson/.TinyTeX/texmf-dist/tex/latex/unicode-math/unicode-math.sty (/h
ome/wilson/.TinyTeX/texmf-dist/tex/latex/l3kernel/expl3.sty
Package: expl3 2020-10-27 L3 programming layer (loader) 
(/home/wilson/.TinyTeX/texmf-dist/tex/latex/l3backend/l3backend-xetex.def
File: l3backend-xetex.def 2020-09-24 L3 backend support: XeTeX
\g__graphics_track_int=\count192
\l__pdf_internal_box=\box49
\g__pdf_backend_object_int=\count193
\g__pdf_backend_annotation_int=\count194
))
Package: unicode-math 2020/01/31 v0.8q Unicode maths in XeLaTeX and LuaLaTeX

(/home/wilson/.TinyTeX/texmf-dist/tex/latex/unicode-math/unicode-math-xetex.sty
Package: unicode-math-xetex 2020/01/31 v0.8q Unicode maths in XeLaTeX and LuaLa
TeX
(/home/wilson/.TinyTeX/texmf-dist/tex/latex/l3packages/xparse/xparse.sty
Package: xparse 2020-10-27 L3 Experimental document command parser

(/home/wilson/.TinyTeX/texmf-dist/tex/latex/l3packages/xparse/xparse-generic.te
x)) (/home/wilson/.TinyTeX/texmf-dist/tex/latex/l3packages/l3keys2e/l3keys2e.st
y
Package: l3keys2e 2020-10-27 LaTeX2e option processing using LaTeX3 keys
) (/home/wilson/.TinyTeX/texmf-dist/tex/latex/fontspec/fontspec.sty
Package: fontspec 2020/02/21 v2.7i Font selection for XeLaTeX and LuaLaTeX
(/home/wilson/.TinyTeX/texmf-dist/tex/latex/fontspec/fontspec-xetex.sty
Package: fontspec-xetex 2020/02/21 v2.7i Font selection for XeLaTeX and LuaLaTe
X
\l__fontspec_script_int=\count195
\l__fontspec_language_int=\count196
\l__fontspec_strnum_int=\count197
\l__fontspec_tmp_int=\count198
\l__fontspec_tmpa_int=\count199
\l__fontspec_tmpb_int=\count266
\l__fontspec_tmpc_int=\count267
\l__fontspec_em_int=\count268
\l__fontspec_emdef_int=\count269
\l__fontspec_strong_int=\count270
\l__fontspec_strongdef_int=\count271
\l__fontspec_tmpa_dim=\dimen148
\l__fontspec_tmpb_dim=\dimen149
\l__fontspec_tmpc_dim=\dimen150
(/home/wilson/.TinyTeX/texmf-dist/tex/latex/base/fontenc.sty
Package: fontenc 2020/08/10 v2.0s Standard LaTeX package
) (/home/wilson/.TinyTeX/texmf-dist/tex/latex/fontspec/fontspec.cfg))) (/home/w
ilson/.TinyTeX/texmf-dist/tex/latex/base/fix-cm.sty
Package: fix-cm 2015/01/14 v1.1t fixes to LaTeX
(/home/wilson/.TinyTeX/texmf-dist/tex/latex/base/ts1enc.def
File: ts1enc.def 2001/06/05 v3.0e (jk/car/fm) Standard LaTeX file
LaTeX Font Info:    Redeclaring font encoding TS1 on input line 47.
))
\g__um_fam_int=\count272
\g__um_fonts_used_int=\count273
\l__um_primecount_int=\count274
\g__um_primekern_muskip=\muskip17

(/home/wilson/.TinyTeX/texmf-dist/tex/latex/unicode-math/unicode-math-table.tex
))) (/home/wilson/.TinyTeX/texmf-dist/tex/latex/hyperref/hyperref.sty
Package: hyperref 2020-05-15 v7.00e Hypertext links for LaTeX
(/home/wilson/.TinyTeX/texmf-dist/tex/generic/ltxcmds/ltxcmds.sty
Package: ltxcmds 2020-05-10 v1.25 LaTeX kernel commands for general use (HO)
) (/home/wilson/.TinyTeX/texmf-dist/tex/generic/pdftexcmds/pdftexcmds.sty
Package: pdftexcmds 2020-06-27 v0.33 Utility functions of pdfTeX for LuaTeX (HO
)
(/home/wilson/.TinyTeX/texmf-dist/tex/generic/infwarerr/infwarerr.sty
Package: infwarerr 2019/12/03 v1.5 Providing info/warning/error messages (HO)
)
Package pdftexcmds Info: \pdf@primitive is available.
Package pdftexcmds Info: \pdf@ifprimitive is available.
Package pdftexcmds Info: \pdfdraftmode not found.
) (/home/wilson/.TinyTeX/texmf-dist/tex/latex/graphics/keyval.sty
Package: keyval 2014/10/28 v1.15 key=value parser (DPC)
\KV@toks@=\toks21
) (/home/wilson/.TinyTeX/texmf-dist/tex/generic/kvsetkeys/kvsetkeys.sty
Package: kvsetkeys 2019/12/15 v1.18 Key value parser (HO)
) (/home/wilson/.TinyTeX/texmf-dist/tex/generic/kvdefinekeys/kvdefinekeys.sty
Package: kvdefinekeys 2019-12-19 v1.6 Define keys (HO)
) (/home/wilson/.TinyTeX/texmf-dist/tex/generic/pdfescape/pdfescape.sty
Package: pdfescape 2019/12/09 v1.15 Implements pdfTeX's escape features (HO)
) (/home/wilson/.TinyTeX/texmf-dist/tex/latex/hycolor/hycolor.sty
Package: hycolor 2020-01-27 v1.10 Color options for hyperref/bookmark (HO)
) (/home/wilson/.TinyTeX/texmf-dist/tex/latex/letltxmacro/letltxmacro.sty
Package: letltxmacro 2019/12/03 v1.6 Let assignment for LaTeX macros (HO)
) (/home/wilson/.TinyTeX/texmf-dist/tex/latex/auxhook/auxhook.sty
Package: auxhook 2019-12-17 v1.6 Hooks for auxiliary files (HO)
) (/home/wilson/.TinyTeX/texmf-dist/tex/latex/kvoptions/kvoptions.sty
Package: kvoptions 2020-10-07 v3.14 Key value format for package options (HO)
)
\@linkdim=\dimen151
\Hy@linkcounter=\count275
\Hy@pagecounter=\count276
(/home/wilson/.TinyTeX/texmf-dist/tex/latex/hyperref/pd1enc.def
File: pd1enc.def 2020-05-15 v7.00e Hyperref: PDFDocEncoding definition (HO)
) (/home/wilson/.TinyTeX/texmf-dist/tex/generic/intcalc/intcalc.sty
Package: intcalc 2019/12/15 v1.3 Expandable calculations with integers (HO)
) (/home/wilson/.TinyTeX/texmf-dist/tex/generic/etexcmds/etexcmds.sty
Package: etexcmds 2019/12/15 v1.7 Avoid name clashes with e-TeX commands (HO)
)
\Hy@SavedSpaceFactor=\count277
Package hyperref Info: Option `unicode' set `true' on input line 4338.
(/home/wilson/.TinyTeX/texmf-dist/tex/latex/hyperref/puenc.def
File: puenc.def 2020-05-15 v7.00e Hyperref: PDF Unicode definition (HO)
)
Package hyperref Info: Hyper figures OFF on input line 4464.
Package hyperref Info: Link nesting OFF on input line 4469.
Package hyperref Info: Hyper index ON on input line 4472.
Package hyperref Info: Plain pages OFF on input line 4479.
Package hyperref Info: Backreferencing OFF on input line 4484.
Package hyperref Info: Implicit mode ON; LaTeX internals redefined.
Package hyperref Info: Bookmarks ON on input line 4717.
\c@Hy@tempcnt=\count278
(/home/wilson/.TinyTeX/texmf-dist/tex/latex/url/url.sty
\Urlmuskip=\muskip18
Package: url 2013/09/16  ver 3.4  Verb mode for urls, etc.
)
LaTeX Info: Redefining \url on input line 5076.
\XeTeXLinkMargin=\dimen152
(/home/wilson/.TinyTeX/texmf-dist/tex/generic/bitset/bitset.sty
Package: bitset 2019/12/09 v1.3 Handle bit-vector datatype (HO)
(/home/wilson/.TinyTeX/texmf-dist/tex/generic/bigintcalc/bigintcalc.sty
Package: bigintcalc 2019/12/15 v1.5 Expandable calculations on big integers (HO
)
))
\Fld@menulength=\count279
\Field@Width=\dimen153
\Fld@charsize=\dimen154
Package hyperref Info: Hyper figures OFF on input line 6347.
Package hyperref Info: Link nesting OFF on input line 6352.
Package hyperref Info: Hyper index ON on input line 6355.
Package hyperref Info: backreferencing OFF on input line 6362.
Package hyperref Info: Link coloring OFF on input line 6367.
Package hyperref Info: Link coloring with OCG OFF on input line 6372.
Package hyperref Info: PDF/A mode OFF on input line 6377.
LaTeX Info: Redefining \ref on input line 6417.
LaTeX Info: Redefining \pageref on input line 6421.
(/home/wilson/.TinyTeX/texmf-dist/tex/latex/base/atbegshi-ltx.sty
Package: atbegshi-ltx 2020/08/17 v1.0a Emulation of the original atbegshi packa
ge
with kernel methods
)
\Hy@abspage=\count280
\c@Item=\count281
\c@Hfootnote=\count282
)
Package hyperref Info: Driver (autodetected): hxetex.
(/home/wilson/.TinyTeX/texmf-dist/tex/latex/hyperref/hxetex.def
File: hxetex.def 2020-05-15 v7.00e Hyperref driver for XeTeX
(/home/wilson/.TinyTeX/texmf-dist/tex/generic/stringenc/stringenc.sty
Package: stringenc 2019/11/29 v1.12 Convert strings between diff. encodings (HO
)
)
\pdfm@box=\box50
\c@Hy@AnnotLevel=\count283
\HyField@AnnotCount=\count284
\Fld@listcount=\count285
\c@bookmark@seq@number=\count286
(/home/wilson/.TinyTeX/texmf-dist/tex/latex/rerunfilecheck/rerunfilecheck.sty
Package: rerunfilecheck 2019/12/05 v1.9 Rerun checks for auxiliary files (HO)
(/home/wilson/.TinyTeX/texmf-dist/tex/latex/base/atveryend-ltx.sty
Package: atveryend-ltx 2020/08/19 v1.0a Emulation of the original atvery packag
e
with kernel methods
) (/home/wilson/.TinyTeX/texmf-dist/tex/generic/uniquecounter/uniquecounter.sty
Package: uniquecounter 2019/12/15 v1.4 Provide unlimited unique counter (HO)
)
Package uniquecounter Info: New unique counter `rerunfilecheck' on input line 2
86.
)
\Hy@SectionHShift=\skip52
)
Package hyperref Info: Option `breaklinks' set `true' on input line 35.
(/home/wilson/.TinyTeX/texmf-dist/tex/latex/graphics/color.sty
Package: color 2020/02/24 v1.2b Standard LaTeX Color (DPC)
(/home/wilson/.TinyTeX/texmf-dist/tex/latex/graphics-cfg/color.cfg
File: color.cfg 2016/01/02 v1.6 sample color configuration
)
Package color Info: Driver file: xetex.def on input line 147.
(/home/wilson/.TinyTeX/texmf-dist/tex/latex/graphics-def/xetex.def
File: xetex.def 2020/08/26 v5.0i Graphics/color driver for xetex
)) (/home/wilson/.TinyTeX/texmf-dist/tex/latex/fancyvrb/fancyvrb.sty
Package: fancyvrb 2020/05/03 v3.6 verbatim text (tvz,hv)
\FV@CodeLineNo=\count287
\FV@InFile=\read2
\FV@TabBox=\box51
\c@FancyVerbLine=\count288
\FV@StepNumber=\count289
\FV@OutFile=\write3
) (/home/wilson/.TinyTeX/texmf-dist/tex/latex/framed/framed.sty
Package: framed 2011/10/22 v 0.96: framed or shaded text with page breaks
\OuterFrameSep=\skip53
\fb@frw=\dimen155
\fb@frh=\dimen156
\FrameRule=\dimen157
\FrameSep=\dimen158
) (/home/wilson/.TinyTeX/texmf-dist/tex/latex/tools/longtable.sty
Package: longtable 2020/01/07 v4.13 Multi-page Table package (DPC)
\LTleft=\skip54
\LTright=\skip55
\LTpre=\skip56
\LTpost=\skip57
\LTchunksize=\count290
\LTcapwidth=\dimen159
\LT@head=\box52
\LT@firsthead=\box53
\LT@foot=\box54
\LT@lastfoot=\box55
\LT@cols=\count291
\LT@rows=\count292
\c@LT@tables=\count293
\c@LT@chunks=\count294
\LT@p@ftn=\toks22
) (/home/wilson/.TinyTeX/texmf-dist/tex/latex/booktabs/booktabs.sty
Package: booktabs 2020/01/12 v1.61803398 Publication quality tables
\heavyrulewidth=\dimen160
\lightrulewidth=\dimen161
\cmidrulewidth=\dimen162
\belowrulesep=\dimen163
\belowbottomsep=\dimen164
\aboverulesep=\dimen165
\abovetopsep=\dimen166
\cmidrulesep=\dimen167
\cmidrulekern=\dimen168
\defaultaddspace=\dimen169
\@cmidla=\count295
\@cmidlb=\count296
\@aboverulesep=\dimen170
\@belowrulesep=\dimen171
\@thisruleclass=\count297
\@lastruleclass=\count298
\@thisrulewidth=\dimen172
) (/home/wilson/.TinyTeX/texmf-dist/tex/latex/mdwtools/footnote.sty
Package: footnote 1997/01/28 1.13 Save footnotes around boxes
\fn@notes=\box56
\fn@width=\dimen173
) (/home/wilson/.TinyTeX/texmf-dist/tex/latex/graphics/graphicx.sty
Package: graphicx 2020/09/09 v1.2b Enhanced LaTeX Graphics (DPC,SPQR)
(/home/wilson/.TinyTeX/texmf-dist/tex/latex/graphics/graphics.sty
Package: graphics 2020/08/30 v1.4c Standard LaTeX Graphics (DPC,SPQR)
(/home/wilson/.TinyTeX/texmf-dist/tex/latex/graphics/trig.sty
Package: trig 2016/01/03 v1.10 sin cos tan (DPC)
) (/home/wilson/.TinyTeX/texmf-dist/tex/latex/graphics-cfg/graphics.cfg
File: graphics.cfg 2016/06/04 v1.11 sample graphics configuration
)
Package graphics Info: Driver file: xetex.def on input line 105.
)
\Gin@req@height=\dimen174
\Gin@req@width=\dimen175
) (/home/wilson/.TinyTeX/texmf-dist/tex/latex/grffile/grffile.sty
Package: grffile 2019/11/11 v2.1 Extended file name support for graphics (legac
y)
Package grffile Info: This package is an empty stub for compatibility on input 
line 40.
) (/home/wilson/.TinyTeX/texmf-dist/tex/latex/tools/array.sty
Package: array 2020/10/01 v2.5c Tabular extension package (FMi)
\col@sep=\dimen176
\ar@mcellbox=\box57
\extrarowheight=\dimen177
\NC@list=\toks23
\extratabsurround=\skip58
\backup@length=\skip59
\ar@cellbox=\box58
) (/home/wilson/.TinyTeX/texmf-dist/tex/latex/multirow/multirow.sty
Package: multirow 2019/05/31 v2.5 Span multiple rows of a table
\multirow@colwidth=\skip60
\multirow@cntb=\count299
\multirow@dima=\skip61
\bigstrutjot=\dimen178
) (/home/wilson/.TinyTeX/texmf-dist/tex/latex/wrapfig/wrapfig.sty
\wrapoverhang=\dimen179
\WF@size=\dimen180
\c@WF@wrappedlines=\count300
\WF@box=\box59
\WF@everypar=\toks24
Package: wrapfig 2003/01/31  v 3.6
) (/home/wilson/.TinyTeX/texmf-dist/tex/latex/float/float.sty
Package: float 2001/11/08 v1.3d Float enhancements (AL)
\c@float@type=\count301
\float@exts=\toks25
\float@box=\box60
\@float@everytoks=\toks26
\@floatcapt=\box61
) (/home/wilson/.TinyTeX/texmf-dist/tex/latex/colortbl/colortbl.sty
Package: colortbl 2020/01/04 v1.0e Color table columns (DPC)
\everycr=\toks27
\minrowclearance=\skip62
) (/home/wilson/.TinyTeX/texmf-dist/tex/latex/pdflscape/pdflscape.sty
Package: pdflscape 2019/12/05 v0.12 Display of landscape pages in PDF (HO)
(/home/wilson/.TinyTeX/texmf-dist/tex/latex/graphics/lscape.sty
Package: lscape 2020/05/28 v3.02 Landscape Pages (DPC)
)
Package pdflscape Info: Auto-detected driver: dvipdfm (xetex) on input line 98.

) (/home/wilson/.TinyTeX/texmf-dist/tex/latex/tabu/tabu.sty
Package: tabu 2019/01/11 v2.9 - flexible LaTeX tabulars (FC+tabu-fixed)
(/home/wilson/.TinyTeX/texmf-dist/tex/latex/varwidth/varwidth.sty
Package: varwidth 2009/03/30 ver 0.92;  Variable-width minipages
\@vwid@box=\box62
\sift@deathcycles=\count302
\@vwid@loff=\dimen181
\@vwid@roff=\dimen182
)
\c@taburow=\count303
\tabu@nbcols=\count304
\tabu@cnt=\count305
\tabu@Xcol=\count306
\tabu@alloc=\count307
\tabu@nested=\count308
\tabu@target=\dimen183
\tabu@spreadtarget=\dimen184
\tabu@naturalX=\dimen185
\tabucolX=\dimen186
\tabu@Xsum=\dimen187
\extrarowdepth=\dimen188
\abovetabulinesep=\dimen189
\belowtabulinesep=\dimen190
\tabustrutrule=\dimen191
\tabu@thebody=\toks28
\tabu@footnotes=\toks29
\tabu@box=\box63
\tabu@arstrutbox=\box64
\tabu@hleads=\box65
\tabu@vleads=\box66
\tabu@cellskip=\skip63
) (/home/wilson/.TinyTeX/texmf-dist/tex/latex/threeparttable/threeparttable.sty
Package: threeparttable 2003/06/13  v 3.0
\@tempboxb=\box67
)
(/home/wilson/.TinyTeX/texmf-dist/tex/latex/threeparttablex/threeparttablex.sty
Package: threeparttablex 2013/07/23 v0.3 by daleif
(/home/wilson/.TinyTeX/texmf-dist/tex/latex/environ/environ.sty
Package: environ 2014/05/04 v0.3 A new way to define environments
(/home/wilson/.TinyTeX/texmf-dist/tex/latex/trimspaces/trimspaces.sty
Package: trimspaces 2009/09/17 v1.1 Trim spaces around a token list
))
\TPTL@width=\skip64
) (/home/wilson/.TinyTeX/texmf-dist/tex/generic/ulem/ulem.sty
\UL@box=\box68
\UL@hyphenbox=\box69
\UL@skip=\skip65
\UL@hook=\toks30
\UL@height=\dimen192
\UL@pe=\count309
\UL@pixel=\dimen193
\ULC@box=\box70
Package: ulem 2019/11/18
\ULdepth=\dimen194
) (/home/wilson/.TinyTeX/texmf-dist/tex/latex/makecell/makecell.sty
Package: makecell 2009/08/03 V0.1e Managing of Tab Column Heads and Cells
\rotheadsize=\dimen195
\c@nlinenum=\count310
\TeXr@lab=\toks31
) (/home/wilson/.TinyTeX/texmf-local/tex/latex/xcolor/xcolor.sty
Package: xcolor 2016/05/11 v2.12 LaTeX color extensions (UK)
(/home/wilson/.TinyTeX/texmf-dist/tex/latex/graphics-cfg/color.cfg
File: color.cfg 2016/01/02 v1.6 sample color configuration
)
Package xcolor Info: Driver file: xetex.def on input line 225.
LaTeX Info: Redefining \color on input line 709.
Package xcolor Info: Model `cmy' substituted by `cmy0' on input line 1348.
Package xcolor Info: Model `RGB' extended on input line 1364.
Package xcolor Info: Model `HTML' substituted by `rgb' on input line 1366.
Package xcolor Info: Model `Hsb' substituted by `hsb' on input line 1367.
Package xcolor Info: Model `tHsb' substituted by `hsb' on input line 1368.
Package xcolor Info: Model `HSB' substituted by `hsb' on input line 1369.
Package xcolor Info: Model `Gray' substituted by `gray' on input line 1370.
Package xcolor Info: Model `wave' substituted by `hsb' on input line 1371.
) (/home/wilson/.TinyTeX/texmf-dist/tex/latex/natbib/natbib.sty
Package: natbib 2010/09/13 8.31b (PWD, AO)
\bibhang=\skip66
\bibsep=\skip67
LaTeX Info: Redefining \cite on input line 694.
\c@NAT@ctr=\count311
) (./livroR-1.0.aux)
\openout1 = `livroR-1.0.aux'.

LaTeX Font Info:    Checking defaults for OML/cmm/m/it on input line 130.
LaTeX Font Info:    ... okay on input line 130.
LaTeX Font Info:    Checking defaults for OMS/cmsy/m/n on input line 130.
LaTeX Font Info:    ... okay on input line 130.
LaTeX Font Info:    Checking defaults for OT1/cmr/m/n on input line 130.
LaTeX Font Info:    ... okay on input line 130.
LaTeX Font Info:    Checking defaults for T1/cmr/m/n on input line 130.
LaTeX Font Info:    ... okay on input line 130.
LaTeX Font Info:    Checking defaults for TS1/cmr/m/n on input line 130.
LaTeX Font Info:    ... okay on input line 130.
LaTeX Font Info:    Checking defaults for TU/lmr/m/n on input line 130.
LaTeX Font Info:    ... okay on input line 130.
LaTeX Font Info:    Checking defaults for OMX/cmex/m/n on input line 130.
LaTeX Font Info:    ... okay on input line 130.
LaTeX Font Info:    Checking defaults for U/cmr/m/n on input line 130.
LaTeX Font Info:    ... okay on input line 130.
LaTeX Font Info:    Checking defaults for PD1/pdf/m/n on input line 130.
LaTeX Font Info:    ... okay on input line 130.
LaTeX Font Info:    Checking defaults for PU/pdf/m/n on input line 130.
LaTeX Font Info:    ... okay on input line 130.
LaTeX Font Info:    Overwriting math alphabet `\mathrm' in version `normal'
(Font)                  OT1/lmr/m/n --> TU/lmr/m/n on input line 130.
LaTeX Font Info:    Overwriting math alphabet `\mathit' in version `normal'
(Font)                  OT1/lmr/m/it --> TU/lmr/m/it on input line 130.
LaTeX Font Info:    Overwriting math alphabet `\mathbf' in version `normal'
(Font)                  OT1/lmr/bx/n --> TU/lmr/bx/n on input line 130.
LaTeX Font Info:    Overwriting math alphabet `\mathsf' in version `normal'
(Font)                  OT1/lmss/m/n --> TU/lmss/m/n on input line 130.
LaTeX Font Info:    Overwriting math alphabet `\mathsf' in version `bold'
(Font)                  OT1/lmss/bx/n --> TU/lmss/bx/n on input line 130.
LaTeX Font Info:    Overwriting math alphabet `\mathtt' in version `normal'
(Font)                  OT1/lmtt/m/n --> TU/lmtt/m/n on input line 130.
LaTeX Font Info:    Overwriting math alphabet `\mathtt' in version `bold'
(Font)                  OT1/lmtt/m/n --> TU/lmtt/bx/n on input line 130.

Package fontspec Info: latinmodern-math scale = 0.9999964596882403.


Package fontspec Info: latinmodern-math scale = 0.9999964596882403.


Package fontspec Info: latinmodern-math scale = 0.9999964596882403.


Package fontspec Info: Font family 'latinmodern-math.otf(0)' created for font
(fontspec)             'latinmodern-math.otf' with options
(fontspec)             [Ligatures=TeX,Scale=MatchLowercase,BoldItalicFont={},It
alicFont={},SmallCapsFont={},Script=Math,BoldFont={latinmodern-math.otf}].
(fontspec)              
(fontspec)              This font family consists of the following NFSS
(fontspec)             series/shapes:
(fontspec)              
(fontspec)             - 'normal' (m/n) with NFSS spec.:
(fontspec)             <->s*[0.9999964596882403]"[latinmodern-math.otf]/OT:scri
pt=math;language=dflt;mapping=tex-text;"
(fontspec)             - 'small caps'  (m/sc) with NFSS spec.: 
(fontspec)             - 'bold' (b/n) with NFSS spec.:
(fontspec)             <->s*[0.9999964596882403]"[latinmodern-math.otf]/OT:scri
pt=math;language=dflt;mapping=tex-text;"
(fontspec)             - 'bold small caps'  (b/sc) with NFSS spec.: 

LaTeX Font Info:    Font shape `TU/latinmodern-math.otf(0)/m/n' will be
(Font)              scaled to size 10.0pt on input line 130.

Package fontspec Info: latinmodern-math scale = 0.9999964596882403.


Package fontspec Info: latinmodern-math scale = 0.9999964596882403.


Package fontspec Info: latinmodern-math scale = 0.9999964596882403.


Package fontspec Info: latinmodern-math scale = 0.9999964596882403.


Package fontspec Info: latinmodern-math scale = 0.9999964596882403.


Package fontspec Info: Font family 'latinmodern-math.otf(1)' created for font
(fontspec)             'latinmodern-math.otf' with options
(fontspec)             [Ligatures=TeX,Scale=MatchLowercase,BoldItalicFont={},It
alicFont={},SmallCapsFont={},Script=Math,SizeFeatures={{Size=8.5-},{Size=6-8.5,
Font=latinmodern-math.otf,Style=MathScript},{Size=-6,Font=latinmodern-math.otf,
Style=MathScriptScript}},BoldFont={latinmodern-math.otf}].
(fontspec)              
(fontspec)              This font family consists of the following NFSS
(fontspec)             series/shapes:
(fontspec)              
(fontspec)             - 'normal' (m/n) with NFSS spec.:
(fontspec)             <8.5->s*[0.9999964596882403]"[latinmodern-math.otf]/OT:s
cript=math;language=dflt;mapping=tex-text;"<6-8.5>s*[0.9999964596882403]"[latin
modern-math.otf]/OT:script=math;language=dflt;+ssty=0;mapping=tex-text;"<-6>s*[
0.9999964596882403]"[latinmodern-math.otf]/OT:script=math;language=dflt;+ssty=1
;mapping=tex-text;"
(fontspec)             - 'small caps'  (m/sc) with NFSS spec.: 
(fontspec)             - 'bold' (b/n) with NFSS spec.:
(fontspec)             <->s*[0.9999964596882403]"[latinmodern-math.otf]/OT:scri
pt=math;language=dflt;mapping=tex-text;"
(fontspec)             - 'bold small caps'  (b/sc) with NFSS spec.: 

LaTeX Font Info:    Font shape `TU/latinmodern-math.otf(1)/m/n' will be
(Font)              scaled to size 10.0pt on input line 130.
LaTeX Font Info:    Encoding `OT1' has changed to `TU' for symbol font
(Font)              `operators' in the math version `normal' on input line 130.

LaTeX Font Info:    Overwriting symbol font `operators' in version `normal'
(Font)                  OT1/lmr/m/n --> TU/latinmodern-math.otf(1)/m/n on input
 line 130.
LaTeX Font Info:    Encoding `OT1' has changed to `TU' for symbol font
(Font)              `operators' in the math version `bold' on input line 130.
LaTeX Font Info:    Overwriting symbol font `operators' in version `bold'
(Font)                  OT1/lmr/bx/n --> TU/latinmodern-math.otf(1)/b/n on inpu
t line 130.

Package fontspec Info: latinmodern-math scale = 0.9999964596882403.


Package fontspec Info: latinmodern-math scale = 1.000096459334209.


Package fontspec Info: latinmodern-math scale = 0.9999964596882403.


Package fontspec Info: latinmodern-math scale = 1.000096459334209.


Package fontspec Info: latinmodern-math scale = 0.9999964596882403.


Package fontspec Info: latinmodern-math scale = 1.000096459334209.


Package fontspec Info: latinmodern-math scale = 0.9999964596882403.


Package fontspec Info: latinmodern-math scale = 1.000096459334209.


Package fontspec Info: latinmodern-math scale = 0.9999964596882403.


Package fontspec Info: latinmodern-math scale = 1.000096459334209.


Package fontspec Info: Font family 'latinmodern-math.otf(2)' created for font
(fontspec)             'latinmodern-math.otf' with options
(fontspec)             [Ligatures=TeX,Scale=MatchLowercase,BoldItalicFont={},It
alicFont={},SmallCapsFont={},Script=Math,SizeFeatures={{Size=8.5-},{Size=6-8.5,
Font=latinmodern-math.otf,Style=MathScript},{Size=-6,Font=latinmodern-math.otf,
Style=MathScriptScript}},BoldFont={latinmodern-math.otf},ScaleAgain=1.0001,Font
Adjustment={\fontdimen
(fontspec)             8\font =6.77pt\relax \fontdimen 9\font =3.94pt\relax
(fontspec)             \fontdimen 10\font =4.44pt\relax \fontdimen 11\font
(fontspec)             =6.86pt\relax \fontdimen 12\font =3.45pt\relax
(fontspec)             \fontdimen 13\font =3.63pt\relax \fontdimen 14\font
(fontspec)             =3.63pt\relax \fontdimen 15\font =2.89pt\relax
(fontspec)             \fontdimen 16\font =2.47pt\relax \fontdimen 17\font
(fontspec)             =2.47pt\relax \fontdimen 18\font =2.5pt\relax
(fontspec)             \fontdimen 19\font =2.0pt\relax \fontdimen 22\font
(fontspec)             =2.5pt\relax \fontdimen 20\font =0pt\relax \fontdimen
(fontspec)             21\font =0pt\relax }].
(fontspec)              
(fontspec)              This font family consists of the following NFSS
(fontspec)             series/shapes:
(fontspec)              
(fontspec)             - 'normal' (m/n) with NFSS spec.:
(fontspec)             <8.5->s*[1.000096459334209]"[latinmodern-math.otf]/OT:sc
ript=math;language=dflt;mapping=tex-text;"<6-8.5>s*[1.000096459334209]"[latinmo
dern-math.otf]/OT:script=math;language=dflt;+ssty=0;mapping=tex-text;"<-6>s*[1.
000096459334209]"[latinmodern-math.otf]/OT:script=math;language=dflt;+ssty=1;ma
pping=tex-text;"
(fontspec)             - 'small caps'  (m/sc) with NFSS spec.: 
(fontspec)             and font adjustment code:
(fontspec)             \fontdimen 8\font =6.77pt\relax \fontdimen 9\font
(fontspec)             =3.94pt\relax \fontdimen 10\font =4.44pt\relax
(fontspec)             \fontdimen 11\font =6.86pt\relax \fontdimen 12\font
(fontspec)             =3.45pt\relax \fontdimen 13\font =3.63pt\relax
(fontspec)             \fontdimen 14\font =3.63pt\relax \fontdimen 15\font
(fontspec)             =2.89pt\relax \fontdimen 16\font =2.47pt\relax
(fontspec)             \fontdimen 17\font =2.47pt\relax \fontdimen 18\font
(fontspec)             =2.5pt\relax \fontdimen 19\font =2.0pt\relax \fontdimen
(fontspec)             22\font =2.5pt\relax \fontdimen 20\font =0pt\relax
(fontspec)             \fontdimen 21\font =0pt\relax 
(fontspec)             - 'bold' (b/n) with NFSS spec.:
(fontspec)             <->s*[1.000096459334209]"[latinmodern-math.otf]/OT:scrip
t=math;language=dflt;mapping=tex-text;"
(fontspec)             - 'bold small caps'  (b/sc) with NFSS spec.: 
(fontspec)             and font adjustment code:
(fontspec)             \fontdimen 8\font =6.77pt\relax \fontdimen 9\font
(fontspec)             =3.94pt\relax \fontdimen 10\font =4.44pt\relax
(fontspec)             \fontdimen 11\font =6.86pt\relax \fontdimen 12\font
(fontspec)             =3.45pt\relax \fontdimen 13\font =3.63pt\relax
(fontspec)             \fontdimen 14\font =3.63pt\relax \fontdimen 15\font
(fontspec)             =2.89pt\relax \fontdimen 16\font =2.47pt\relax
(fontspec)             \fontdimen 17\font =2.47pt\relax \fontdimen 18\font
(fontspec)             =2.5pt\relax \fontdimen 19\font =2.0pt\relax \fontdimen
(fontspec)             22\font =2.5pt\relax \fontdimen 20\font =0pt\relax
(fontspec)             \fontdimen 21\font =0pt\relax 

LaTeX Font Info:    Encoding `OMS' has changed to `TU' for symbol font
(Font)              `symbols' in the math version `normal' on input line 130.
LaTeX Font Info:    Overwriting symbol font `symbols' in version `normal'
(Font)                  OMS/lmsy/m/n --> TU/latinmodern-math.otf(2)/m/n on inpu
t line 130.
LaTeX Font Info:    Encoding `OMS' has changed to `TU' for symbol font
(Font)              `symbols' in the math version `bold' on input line 130.
LaTeX Font Info:    Overwriting symbol font `symbols' in version `bold'
(Font)                  OMS/lmsy/b/n --> TU/latinmodern-math.otf(2)/b/n on inpu
t line 130.

Package fontspec Info: latinmodern-math scale = 0.9999964596882403.


Package fontspec Info: latinmodern-math scale = 0.9998964600422715.


Package fontspec Info: latinmodern-math scale = 0.9999964596882403.


Package fontspec Info: latinmodern-math scale = 0.9998964600422715.


Package fontspec Info: latinmodern-math scale = 0.9999964596882403.


Package fontspec Info: latinmodern-math scale = 0.9998964600422715.


Package fontspec Info: latinmodern-math scale = 0.9999964596882403.


Package fontspec Info: latinmodern-math scale = 0.9998964600422715.


Package fontspec Info: latinmodern-math scale = 0.9999964596882403.


Package fontspec Info: latinmodern-math scale = 0.9998964600422715.


Package fontspec Info: Font family 'latinmodern-math.otf(3)' created for font
(fontspec)             'latinmodern-math.otf' with options
(fontspec)             [Ligatures=TeX,Scale=MatchLowercase,BoldItalicFont={},It
alicFont={},SmallCapsFont={},Script=Math,SizeFeatures={{Size=8.5-},{Size=6-8.5,
Font=latinmodern-math.otf,Style=MathScript},{Size=-6,Font=latinmodern-math.otf,
Style=MathScriptScript}},BoldFont={latinmodern-math.otf},ScaleAgain=0.9999,Font
Adjustment={\fontdimen
(fontspec)             8\font =0.4pt\relax \fontdimen 9\font =2.0pt\relax
(fontspec)             \fontdimen 10\font =1.67pt\relax \fontdimen 11\font
(fontspec)             =1.11pt\relax \fontdimen 12\font =6.0pt\relax
(fontspec)             \fontdimen 13\font =0pt\relax }].
(fontspec)              
(fontspec)              This font family consists of the following NFSS
(fontspec)             series/shapes:
(fontspec)              
(fontspec)             - 'normal' (m/n) with NFSS spec.:
(fontspec)             <8.5->s*[0.9998964600422715]"[latinmodern-math.otf]/OT:s
cript=math;language=dflt;mapping=tex-text;"<6-8.5>s*[0.9998964600422715]"[latin
modern-math.otf]/OT:script=math;language=dflt;+ssty=0;mapping=tex-text;"<-6>s*[
0.9998964600422715]"[latinmodern-math.otf]/OT:script=math;language=dflt;+ssty=1
;mapping=tex-text;"
(fontspec)             - 'small caps'  (m/sc) with NFSS spec.: 
(fontspec)             and font adjustment code:
(fontspec)             \fontdimen 8\font =0.4pt\relax \fontdimen 9\font
(fontspec)             =2.0pt\relax \fontdimen 10\font =1.67pt\relax
(fontspec)             \fontdimen 11\font =1.11pt\relax \fontdimen 12\font
(fontspec)             =6.0pt\relax \fontdimen 13\font =0pt\relax 
(fontspec)             - 'bold' (b/n) with NFSS spec.:
(fontspec)             <->s*[0.9998964600422715]"[latinmodern-math.otf]/OT:scri
pt=math;language=dflt;mapping=tex-text;"
(fontspec)             - 'bold small caps'  (b/sc) with NFSS spec.: 
(fontspec)             and font adjustment code:
(fontspec)             \fontdimen 8\font =0.4pt\relax \fontdimen 9\font
(fontspec)             =2.0pt\relax \fontdimen 10\font =1.67pt\relax
(fontspec)             \fontdimen 11\font =1.11pt\relax \fontdimen 12\font
(fontspec)             =6.0pt\relax \fontdimen 13\font =0pt\relax 

LaTeX Font Info:    Encoding `OMX' has changed to `TU' for symbol font
(Font)              `largesymbols' in the math version `normal' on input line 1
30.
LaTeX Font Info:    Overwriting symbol font `largesymbols' in version `normal'
(Font)                  OMX/lmex/m/n --> TU/latinmodern-math.otf(3)/m/n on inpu
t line 130.
LaTeX Font Info:    Encoding `OMX' has changed to `TU' for symbol font
(Font)              `largesymbols' in the math version `bold' on input line 130
.
LaTeX Font Info:    Overwriting symbol font `largesymbols' in version `bold'
(Font)                  OMX/lmex/m/n --> TU/latinmodern-math.otf(3)/b/n on inpu
t line 130.
Package hyperref Info: Link coloring OFF on input line 130.
(/home/wilson/.TinyTeX/texmf-dist/tex/latex/hyperref/nameref.sty
Package: nameref 2019/09/16 v2.46 Cross-referencing by name of section
(/home/wilson/.TinyTeX/texmf-dist/tex/latex/refcount/refcount.sty
Package: refcount 2019/12/15 v3.6 Data extraction from label references (HO)
)
(/home/wilson/.TinyTeX/texmf-dist/tex/generic/gettitlestring/gettitlestring.sty
Package: gettitlestring 2019/12/15 v1.6 Cleanup title references (HO)
)
\c@section@level=\count312
)
LaTeX Info: Redefining \ref on input line 130.
LaTeX Info: Redefining \pageref on input line 130.
LaTeX Info: Redefining \nameref on input line 130.
(./livroR-1.0.out) (./livroR-1.0.out)
\@outlinefile=\write4
\openout4 = `livroR-1.0.out'.

LaTeX Font Info:    Font shape `TU/latinmodern-math.otf(1)/m/n' will be
(Font)              scaled to size 12.0pt on input line 132.
LaTeX Font Info:    Font shape `TU/latinmodern-math.otf(1)/m/n' will be
(Font)              scaled to size 8.0pt on input line 132.
LaTeX Font Info:    Font shape `TU/latinmodern-math.otf(1)/m/n' will be
(Font)              scaled to size 6.0pt on input line 132.
LaTeX Font Info:    Trying to load font information for OML+lmm on input line 1
32.
(/home/wilson/.TinyTeX/texmf-dist/tex/latex/lm/omllmm.fd
File: omllmm.fd 2009/10/30 v1.6 Font defs for Latin Modern
)
LaTeX Font Info:    Font shape `TU/latinmodern-math.otf(2)/m/n' will be
(Font)              scaled to size 12.0011pt on input line 132.
LaTeX Font Info:    Font shape `TU/latinmodern-math.otf(2)/m/n' will be
(Font)              scaled to size 8.00073pt on input line 132.
LaTeX Font Info:    Font shape `TU/latinmodern-math.otf(2)/m/n' will be
(Font)              scaled to size 6.00055pt on input line 132.
LaTeX Font Info:    Font shape `TU/latinmodern-math.otf(3)/m/n' will be
(Font)              scaled to size 11.99872pt on input line 132.
LaTeX Font Info:    Font shape `TU/latinmodern-math.otf(3)/m/n' will be
(Font)              scaled to size 7.99915pt on input line 132.
LaTeX Font Info:    Font shape `TU/latinmodern-math.otf(3)/m/n' will be
(Font)              scaled to size 5.99936pt on input line 132.
LaTeX Font Info:    Trying to load font information for U+msa on input line 132
.
(/home/wilson/.TinyTeX/texmf-dist/tex/latex/amsfonts/umsa.fd
File: umsa.fd 2013/01/14 v3.01 AMS symbols A
)
LaTeX Font Info:    Trying to load font information for U+msb on input line 132
.
(/home/wilson/.TinyTeX/texmf-dist/tex/latex/amsfonts/umsb.fd
File: umsb.fd 2013/01/14 v3.01 AMS symbols B
) [1


] [2

] (./livroR-1.0.toc
LaTeX Font Info:    Font shape `TU/latinmodern-math.otf(1)/m/n' will be
(Font)              scaled to size 7.0pt on input line 4.
LaTeX Font Info:    Font shape `TU/latinmodern-math.otf(1)/m/n' will be
(Font)              scaled to size 5.0pt on input line 4.
LaTeX Font Info:    Font shape `TU/latinmodern-math.otf(2)/m/n' will be
(Font)              scaled to size 10.00092pt on input line 4.
LaTeX Font Info:    Font shape `TU/latinmodern-math.otf(2)/m/n' will be
(Font)              scaled to size 7.00064pt on input line 4.
LaTeX Font Info:    Font shape `TU/latinmodern-math.otf(2)/m/n' will be
(Font)              scaled to size 5.00046pt on input line 4.
LaTeX Font Info:    Font shape `TU/latinmodern-math.otf(3)/m/n' will be
(Font)              scaled to size 9.99893pt on input line 4.
LaTeX Font Info:    Font shape `TU/latinmodern-math.otf(3)/m/n' will be
(Font)              scaled to size 6.99925pt on input line 4.
LaTeX Font Info:    Font shape `TU/latinmodern-math.otf(3)/m/n' will be
(Font)              scaled to size 4.99947pt on input line 4.
Missing character: There is no χ in font [lmroman10-bold]:mapping=tex-text;!
Missing character: There is no χ in font [lmroman10-regular]:mapping=tex-text;!
Missing character: There is no χ in font [lmroman10-regular]:mapping=tex-text;!
)
\tf@toc=\write5
\openout5 = `livroR-1.0.toc'.

[3] [4

] [5] [6

] [7] [8

]
Chapter 1.
[9]

LaTeX Warning: Reference `fig:RStudio' on page 10 undefined on input line 179.

[10] [11] [12

]
Chapter 2.

Underfull \hbox (badness 3668) in paragraph at lines 277--278
\TU/lmr/m/n/10 Para o sistema operacional Windows utilizamos o seguinte comando
:
 []


Underfull \hbox (badness 2846) in paragraph at lines 277--278
[]\TU/lmr/m/n/10 setwd(choose.dir(*path*))[] e para Linux utilizamos []setwd(*p
ath*)[], onde
 []

File: /media/wilson/personaldoc/Livro_R/Série estatística passo a passo em exce
l e R/livroR-1.0/docs/livroR-1.0_files/figures print/setwd.jpg Graphic file (ty
pe bmp)
</media/wilson/personaldoc/Livro_R/Série estatística passo a passo em excel e R
/livroR-1.0/docs/livroR-1.0_files/figures print/setwd.jpg>
[13]

LaTeX Warning: Reference `fig:guia-files' on page 14 undefined on input line 29
2.


LaTeX Warning: Reference `fig:ctrl-shift-h' on page 14 undefined on input line 
299.


LaTeX Warning: Reference `fig:mode-2' on page 14 undefined on input line 299.


LaTeX Warning: Reference `fig:ctrl-shift-h' on page 14 undefined on input line 
299.


LaTeX Warning: Reference `fig:files-guia' on page 14 undefined on input line 29
9.

[14]

LaTeX Warning: Reference `fig:planilha' on page 15 undefined on input line 310.



Package xcolor Warning: Incompatible color definition on input line 316.

LaTeX Font Info:    Font shape `TU/lmtt/bx/n' in size <10> not available
(Font)              Font shape `TU/lmtt/b/n' tried instead on input line 318.

Package xcolor Warning: Incompatible color definition on input line 320.


Package xcolor Warning: Incompatible color definition on input line 320.


Package xcolor Warning: Incompatible color definition on input line 328.


Package xcolor Warning: Incompatible color definition on input line 333.


Package xcolor Warning: Incompatible color definition on input line 333.


Package xcolor Warning: Incompatible color definition on input line 335.


Overfull \hbox (159.37573pt too wide) has occurred while \output is active
\TU/lmr/m/sl/10 2.1.  1° PASSO: DEFINIR O AMBIENTE DE TRABALHO E IMPORTAR A PLA
NILHA DE DADOS PARA O R \TU/lmr/m/n/10 15
 []

[15]

Package xcolor Warning: Incompatible color definition on input line 339.


Package xcolor Warning: Incompatible color definition on input line 339.


LaTeX Warning: Reference `fig:import-graf' on page 16 undefined on input line 3
48.


LaTeX Warning: Reference `fig:import-graf-2' on page 16 undefined on input line
 350.


Package xcolor Warning: Incompatible color definition on input line 362.

[16]

Package xcolor Warning: Incompatible color definition on input line 366.


Package xcolor Warning: Incompatible color definition on input line 366.


Overfull \hbox (90.75pt too wide) in paragraph at lines 374--374
[]\TU/lmtt/m/n/10 ##  $ ano        : num [1:40] 2020 2020 2020 2020 2020 2020 2
020 2020 2020 2020 ...[] 
 []


Overfull \hbox (101.25pt too wide) in paragraph at lines 374--374
[]\TU/lmtt/m/n/10 ##  $ local      : chr [1:40] "Ambiente 1" "Ambiente 1" "Ambi
ente 1" "Ambiente 1" ...[] 
 []


Package xcolor Warning: Incompatible color definition on input line 386.


Package xcolor Warning: Incompatible color definition on input line 391.


Package xcolor Warning: Incompatible color definition on input line 391.


Underfull \hbox (badness 1454) in paragraph at lines 397--400
\TU/lmr/m/n/10 dica que uma variável ano será criada dentro do objeto “dados”. 
2.
 []


Underfull \hbox (badness 1515) in paragraph at lines 397--400
\TU/lmr/m/n/10 “as.factor(dados$ano)” indica que o objeto criado consistirá na 
variável
 []


Package xcolor Warning: Incompatible color definition on input line 405.

[17]

Package xcolor Warning: Incompatible color definition on input line 409.


Package xcolor Warning: Incompatible color definition on input line 409.


Package xcolor Warning: Incompatible color definition on input line 415.


Package xcolor Warning: Incompatible color definition on input line 419.


Package xcolor Warning: Incompatible color definition on input line 419.


Package xcolor Warning: Incompatible color definition on input line 425.


Package xcolor Warning: Incompatible color definition on input line 429.


Package xcolor Warning: Incompatible color definition on input line 429.


Overfull \hbox (54.0pt too wide) in paragraph at lines 437--437
[]\TU/lmtt/m/n/10 ##  $ ano        : Factor w/ 2 levels "2020","2021": 1 1 1 1 
1 1 1 1 1 1 ...[] 
 []


Overfull \hbox (117.0pt too wide) in paragraph at lines 437--437
[]\TU/lmtt/m/n/10 ##  $ local      : Factor w/ 2 levels "Ambiente 1","Ambiente 
2": 1 1 1 1 1 1 1 1 1 1 ...[] 
 []


Package xcolor Warning: Incompatible color definition on input line 445.


Package xcolor Warning: Incompatible color definition on input line 449.


Package xcolor Warning: Incompatible color definition on input line 449.


Package xcolor Warning: Incompatible color definition on input line 465.

[18]

Package xcolor Warning: Incompatible color definition on input line 469.


Package xcolor Warning: Incompatible color definition on input line 469.


Package xcolor Warning: Incompatible color definition on input line 497.

[19]

Package xcolor Warning: Incompatible color definition on input line 501.


Package xcolor Warning: Incompatible color definition on input line 501.

File: livroR-1.0_files/figure-latex/comp-hist-1.pdf Graphic file (type pdf)
<use livroR-1.0_files/figure-latex/comp-hist-1.pdf>

Package xcolor Warning: Incompatible color definition on input line 515.


Package xcolor Warning: Incompatible color definition on input line 525.


Package xcolor Warning: Incompatible color definition on input line 525.

File: livroR-1.0_files/figure-latex/comp-hist-col-1.pdf Graphic file (type pdf)

<use livroR-1.0_files/figure-latex/comp-hist-col-1.pdf>
[20]
Underfull \hbox (badness 1342) in paragraph at lines 539--540
[]\TU/lmr/bx/n/10 [INSERIR TABELA EXPLICANDO OS ARGUMENTOS E A
 []


Package xcolor Warning: Incompatible color definition on input line 550.

[21]

Package xcolor Warning: Incompatible color definition on input line 554.


Package xcolor Warning: Incompatible color definition on input line 554.


Package xcolor Warning: Incompatible color definition on input line 560.


Package xcolor Warning: Incompatible color definition on input line 564.


Package xcolor Warning: Incompatible color definition on input line 564.


Package xcolor Warning: Incompatible color definition on input line 575.


Package xcolor Warning: Incompatible color definition on input line 579.


Package xcolor Warning: Incompatible color definition on input line 579.


Package xcolor Warning: Incompatible color definition on input line 585.


Package xcolor Warning: Incompatible color definition on input line 589.


Package xcolor Warning: Incompatible color definition on input line 589.

File: livroR-1.0_files/figure-latex/bar-abu-1.pdf Graphic file (type pdf)
<use livroR-1.0_files/figure-latex/bar-abu-1.pdf>

Package xcolor Warning: Incompatible color definition on input line 601.


Package xcolor Warning: Incompatible color definition on input line 610.


Package xcolor Warning: Incompatible color definition on input line 610.

File: livroR-1.0_files/figure-latex/bar-abu-col-1.pdf Graphic file (type pdf)
<use livroR-1.0_files/figure-latex/bar-abu-col-1.pdf>

Overfull \hbox (31.86pt too wide) in paragraph at lines 626--637
 [][] 
 []


Underfull \hbox (badness 1342) in paragraph at lines 639--640
[]\TU/lmr/bx/n/10 [INSERIR TABELA EXPLICANDO OS ARGUMENTOS E A
 []

[22] [23]

Package xcolor Warning: Incompatible color definition on input line 650.


Package xcolor Warning: Incompatible color definition on input line 654.


Package xcolor Warning: Incompatible color definition on input line 654.

File: livroR-1.0_files/figure-latex/pon-graf-1.pdf Graphic file (type pdf)
<use livroR-1.0_files/figure-latex/pon-graf-1.pdf>

Package xcolor Warning: Incompatible color definition on input line 666.

[24]

Package xcolor Warning: Incompatible color definition on input line 678.


Package xcolor Warning: Incompatible color definition on input line 678.

File: livroR-1.0_files/figure-latex/lin-graf-col-1.pdf Graphic file (type pdf)
<use livroR-1.0_files/figure-latex/lin-graf-col-1.pdf>

Underfull \hbox (badness 1342) in paragraph at lines 690--691
[]\TU/lmr/bx/n/10 [INSERIR TABELA EXPLICANDO OS ARGUMENTOS E A
 []


Package xcolor Warning: Incompatible color definition on input line 697.

[25]

Package xcolor Warning: Incompatible color definition on input line 701.


Package xcolor Warning: Incompatible color definition on input line 701.

File: livroR-1.0_files/figure-latex/box-graf-1.pdf Graphic file (type pdf)
<use livroR-1.0_files/figure-latex/box-graf-1.pdf>

Package xcolor Warning: Incompatible color definition on input line 713.


Package xcolor Warning: Incompatible color definition on input line 721.


Package xcolor Warning: Incompatible color definition on input line 721.

File: livroR-1.0_files/figure-latex/box-graf-col-1.pdf Graphic file (type pdf)
<use livroR-1.0_files/figure-latex/box-graf-col-1.pdf>
[26] [27]

Package xcolor Warning: Incompatible color definition on input line 746.


Package xcolor Warning: Incompatible color definition on input line 750.


Package xcolor Warning: Incompatible color definition on input line 750.


Package xcolor Warning: Incompatible color definition on input line 762.


Package xcolor Warning: Incompatible color definition on input line 766.


Package xcolor Warning: Incompatible color definition on input line 766.

[28]

Package xcolor Warning: Incompatible color definition on input line 785.


Package xcolor Warning: Incompatible color definition on input line 789.


Package xcolor Warning: Incompatible color definition on input line 789.


Package xcolor Warning: Incompatible color definition on input line 799.


Package xcolor Warning: Incompatible color definition on input line 803.


Package xcolor Warning: Incompatible color definition on input line 803.


Package xcolor Warning: Incompatible color definition on input line 815.

[29]

Package xcolor Warning: Incompatible color definition on input line 819.


Package xcolor Warning: Incompatible color definition on input line 819.


Package xcolor Warning: Incompatible color definition on input line 825.


Package xcolor Warning: Incompatible color definition on input line 829.


Package xcolor Warning: Incompatible color definition on input line 829.


Package xcolor Warning: Incompatible color definition on input line 837.


Package xcolor Warning: Incompatible color definition on input line 841.


Package xcolor Warning: Incompatible color definition on input line 841.


Package xcolor Warning: Incompatible color definition on input line 853.


Package xcolor Warning: Incompatible color definition on input line 857.


Package xcolor Warning: Incompatible color definition on input line 857.


Package xcolor Warning: Incompatible color definition on input line 867.

[30]

Package xcolor Warning: Incompatible color definition on input line 871.


Package xcolor Warning: Incompatible color definition on input line 871.


Package xcolor Warning: Incompatible color definition on input line 891.


Package xcolor Warning: Incompatible color definition on input line 899.


Package xcolor Warning: Incompatible color definition on input line 899.


Overfull \hbox (85.5pt too wide) in paragraph at lines 904--904
[]\TU/lmtt/m/n/10 ##  [1] 10 11 15 12 17 14 19 16 15 12 14 15 12 12 14 13 12 11
 14 14 13 12 11 15 12[] 
 []


Package xcolor Warning: Incompatible color definition on input line 906.


Package xcolor Warning: Incompatible color definition on input line 910.


Package xcolor Warning: Incompatible color definition on input line 910.


Package xcolor Warning: Incompatible color definition on input line 916.

[31]

Package xcolor Warning: Incompatible color definition on input line 920.


Package xcolor Warning: Incompatible color definition on input line 920.


Package xcolor Warning: Incompatible color definition on input line 936.


Package xcolor Warning: Incompatible color definition on input line 940.


Package xcolor Warning: Incompatible color definition on input line 940.


Package xcolor Warning: Incompatible color definition on input line 946.


Package xcolor Warning: Incompatible color definition on input line 950.


Package xcolor Warning: Incompatible color definition on input line 950.


Package xcolor Warning: Incompatible color definition on input line 956.


Package xcolor Warning: Incompatible color definition on input line 960.


Package xcolor Warning: Incompatible color definition on input line 960.

[32]

Package xcolor Warning: Incompatible color definition on input line 993.


Package xcolor Warning: Incompatible color definition on input line 997.


Package xcolor Warning: Incompatible color definition on input line 997.


Package xcolor Warning: Incompatible color definition on input line 1003.


Package xcolor Warning: Incompatible color definition on input line 1007.


Package xcolor Warning: Incompatible color definition on input line 1007.


Package xcolor Warning: Incompatible color definition on input line 1013.


Package xcolor Warning: Incompatible color definition on input line 1017.


Package xcolor Warning: Incompatible color definition on input line 1017.

[33]

Package xcolor Warning: Incompatible color definition on input line 1035.


Package xcolor Warning: Incompatible color definition on input line 1039.


Package xcolor Warning: Incompatible color definition on input line 1039.


Package xcolor Warning: Incompatible color definition on input line 1053.

[34]

Package xcolor Warning: Incompatible color definition on input line 1069.


Package xcolor Warning: Incompatible color definition on input line 1069.


Package xcolor Warning: Incompatible color definition on input line 1073.


Package xcolor Warning: Incompatible color definition on input line 1087.


Package xcolor Warning: Incompatible color definition on input line 1087.


Package xcolor Warning: Incompatible color definition on input line 1091.


Package xcolor Warning: Incompatible color definition on input line 1103.


Package xcolor Warning: Incompatible color definition on input line 1103.


Package xcolor Warning: Incompatible color definition on input line 1107.

[35]

Package xcolor Warning: Incompatible color definition on input line 1115.


Package xcolor Warning: Incompatible color definition on input line 1115.


Overfull \hbox (48.75pt too wide) in paragraph at lines 1123--1123
[]\TU/lmtt/m/n/10 ##  $ local      : chr  "Ambiente 1" "Ambiente 2" "Ambiente 1
" "Ambiente 2"[] 
 []


Overfull \hbox (174.75pt too wide) in paragraph at lines 1123--1123
[]\TU/lmtt/m/n/10 ##  $ dados.dp   : chr  "2.84604989415154" "1.28668393770792"
 "1.58113883008419" "1.93464651625488"[] 
 []


Package xcolor Warning: Incompatible color definition on input line 1125.


Package xcolor Warning: Incompatible color definition on input line 1132.


Package xcolor Warning: Incompatible color definition on input line 1132.


Package xcolor Warning: Incompatible color definition on input line 1134.


Package xcolor Warning: Incompatible color definition on input line 1138.


Package xcolor Warning: Incompatible color definition on input line 1138.


Package xcolor Warning: Incompatible color definition on input line 1156.

[36]

Package xcolor Warning: Incompatible color definition on input line 1160.


Package xcolor Warning: Incompatible color definition on input line 1160.


Package xcolor Warning: Incompatible color definition on input line 1164.


Package xcolor Warning: Incompatible color definition on input line 1168.


Package xcolor Warning: Incompatible color definition on input line 1168.


Package xcolor Warning: Incompatible color definition on input line 1172.


Package xcolor Warning: Incompatible color definition on input line 1180.


Package xcolor Warning: Incompatible color definition on input line 1180.


Package xcolor Warning: Incompatible color definition on input line 1196.


Package xcolor Warning: Incompatible color definition on input line 1213.


Package xcolor Warning: Incompatible color definition on input line 1213.


Package xcolor Warning: Incompatible color definition on input line 1213.

[37]

Package xcolor Warning: Incompatible color definition on input line 1213.


Package xcolor Warning: Incompatible color definition on input line 1213.

File: livroR-1.0_files/figure-latex/bar-ep-1.pdf Graphic file (type pdf)
<use livroR-1.0_files/figure-latex/bar-ep-1.pdf>
[38]

Package xcolor Warning: Incompatible color definition on input line 1235.


Package xcolor Warning: Incompatible color definition on input line 1251.


Package xcolor Warning: Incompatible color definition on input line 1251.

File: livroR-1.0_files/figure-latex/bar-ep-abu-1.pdf Graphic file (type pdf)
<use livroR-1.0_files/figure-latex/bar-ep-abu-1.pdf>
[39] [40]
Chapter 3.
Missing character: There is no χ in font [lmroman12-bold]:mapping=tex-text;!
Missing character: There is no χ in font [lmroman10-regular]:mapping=tex-text;!
Missing character: There is no χ in font [lmroman10-regular]:mapping=tex-text;!
Missing character: There is no χ in font [lmroman10-bold]:mapping=tex-text;!

Underfull \hbox (badness 1107) in paragraph at lines 1277--1284
[]\TU/lmr/bx/n/10 [FAZER UMA TABELA COM AS CARACTERÍSTICAS DOS
 []

Missing character: There is no χ in font [lmroman12-bold]:mapping=tex-text;!
Missing character: There is no χ in font [lmroman10-regular]:mapping=tex-text;!
[41

]

Package xcolor Warning: Incompatible color definition on input line 1294.


Package xcolor Warning: Incompatible color definition on input line 1301.


Package xcolor Warning: Incompatible color definition on input line 1301.


Package xcolor Warning: Incompatible color definition on input line 1307.


Package xcolor Warning: Incompatible color definition on input line 1311.


Package xcolor Warning: Incompatible color definition on input line 1311.

Missing character: There is no χ in font [lmroman10-regular]:mapping=tex-text;!

Package xcolor Warning: Incompatible color definition on input line 1321.


Package xcolor Warning: Incompatible color definition on input line 1325.


Package xcolor Warning: Incompatible color definition on input line 1325.

Missing character: There is no χ in font [lmroman10-regular]:mapping=tex-text;!
[42]
Missing character: There is no χ in font [lmroman10-regular]:mapping=tex-text;!
Missing character: There is no χ in font [lmroman10-regular]:mapping=tex-text;!
Missing character: There is no χ in font [lmroman10-regular]:mapping=tex-text;!
Missing character: There is no χ in font [lmroman10-regular]:mapping=tex-text;!
Missing character: There is no χ in font [lmroman10-regular]:mapping=tex-text;!
Missing character: There is no χ in font [lmroman10-regular]:mapping=tex-text;!
Missing character: There is no χ in font [lmroman10-regular]:mapping=tex-text;!

Package xcolor Warning: Incompatible color definition on input line 1353.


Package xcolor Warning: Incompatible color definition on input line 1358.


Package xcolor Warning: Incompatible color definition on input line 1358.


Package xcolor Warning: Incompatible color definition on input line 1364.

[43]

Package xcolor Warning: Incompatible color definition on input line 1368.


Package xcolor Warning: Incompatible color definition on input line 1368.

Missing character: There is no χ in font [lmroman10-regular]:mapping=tex-text;!

Package xcolor Warning: Incompatible color definition on input line 1382.


Package xcolor Warning: Incompatible color definition on input line 1389.


Package xcolor Warning: Incompatible color definition on input line 1389.

Missing character: There is no χ in font [lmroman10-regular]:mapping=tex-text;!
Missing character: There is no χ in font [lmroman10-regular]:mapping=tex-text;!
[44]

Package xcolor Warning: Incompatible color definition on input line 1405.


Package xcolor Warning: Incompatible color definition on input line 1412.


Package xcolor Warning: Incompatible color definition on input line 1412.


Package xcolor Warning: Incompatible color definition on input line 1428.


Package xcolor Warning: Incompatible color definition on input line 1434.


Package xcolor Warning: Incompatible color definition on input line 1434.

Missing character: There is no χ in font [lmroman10-regular]:mapping=tex-text;!
Missing character: There is no χ in font [lmroman10-regular]:mapping=tex-text;!
Missing character: There is no χ in font [lmroman10-regular]:mapping=tex-text;!
Missing character: There is no χ in font [lmroman10-regular]:mapping=tex-text;!
Missing character: There is no χ in font [lmroman10-regular]:mapping=tex-text;!
[45]

Package xcolor Warning: Incompatible color definition on input line 1450.


Package xcolor Warning: Incompatible color definition on input line 1457.


Package xcolor Warning: Incompatible color definition on input line 1457.


Package xcolor Warning: Incompatible color definition on input line 1467.


Package xcolor Warning: Incompatible color definition on input line 1471.


Package xcolor Warning: Incompatible color definition on input line 1471.


Overfull \hbox (43.5pt too wide) in paragraph at lines 1480--1480
[]\TU/lmtt/m/n/10 ##  Chi-squared test for given probabilities with simulated p
-value (based[] 
 []

[46]
Missing character: There is no χ in font [lmroman12-bold]:mapping=tex-text;!
Missing character: There is no χ in font [lmroman10-regular]:mapping=tex-text;!
Missing character: There is no χ in font [lmroman10-bold]:mapping=tex-text;!

Underfull \hbox (badness 1107) in paragraph at lines 1497--1504
[]\TU/lmr/bx/n/10 [FAZER UMA TABELA COM AS CARACTERÍSTICAS DOS
 []


Package xcolor Warning: Incompatible color definition on input line 1509.


Package xcolor Warning: Incompatible color definition on input line 1516.


Package xcolor Warning: Incompatible color definition on input line 1516.


Package xcolor Warning: Incompatible color definition on input line 1516.

[47]

Package xcolor Warning: Incompatible color definition on input line 1516.


Package xcolor Warning: Incompatible color definition on input line 1516.


Package xcolor Warning: Incompatible color definition on input line 1526.


Package xcolor Warning: Incompatible color definition on input line 1530.


Package xcolor Warning: Incompatible color definition on input line 1530.

Missing character: There is no χ in font [lmroman10-regular]:mapping=tex-text;!
[48]

Package xcolor Warning: Incompatible color definition on input line 1556.


Package xcolor Warning: Incompatible color definition on input line 1564.


Package xcolor Warning: Incompatible color definition on input line 1564.


Package xcolor Warning: Incompatible color definition on input line 1576.


Package xcolor Warning: Incompatible color definition on input line 1581.


Package xcolor Warning: Incompatible color definition on input line 1581.


Package xcolor Warning: Incompatible color definition on input line 1592.


Package xcolor Warning: Incompatible color definition on input line 1596.


Package xcolor Warning: Incompatible color definition on input line 1596.

[49]

Package xcolor Warning: Incompatible color definition on input line 1625.


Package xcolor Warning: Incompatible color definition on input line 1638.


Package xcolor Warning: Incompatible color definition on input line 1638.


Package xcolor Warning: Incompatible color definition on input line 1638.

[50]

Package xcolor Warning: Incompatible color definition on input line 1638.


Package xcolor Warning: Incompatible color definition on input line 1638.


Package xcolor Warning: Incompatible color definition on input line 1648.


Package xcolor Warning: Incompatible color definition on input line 1652.


Package xcolor Warning: Incompatible color definition on input line 1652.


Package xcolor Warning: Incompatible color definition on input line 1668.


Package xcolor Warning: Incompatible color definition on input line 1674.


Package xcolor Warning: Incompatible color definition on input line 1674.

[51]

Package xcolor Warning: Incompatible color definition on input line 1680.


Package xcolor Warning: Incompatible color definition on input line 1684.


Package xcolor Warning: Incompatible color definition on input line 1684.


Package xcolor Warning: Incompatible color definition on input line 1694.


Package xcolor Warning: Incompatible color definition on input line 1698.


Package xcolor Warning: Incompatible color definition on input line 1698.


Package xcolor Warning: Incompatible color definition on input line 1708.


Package xcolor Warning: Incompatible color definition on input line 1712.


Package xcolor Warning: Incompatible color definition on input line 1712.


Package xcolor Warning: Incompatible color definition on input line 1730.

[52]

Package xcolor Warning: Incompatible color definition on input line 1735.


Package xcolor Warning: Incompatible color definition on input line 1735.


Package xcolor Warning: Incompatible color definition on input line 1745.


Package xcolor Warning: Incompatible color definition on input line 1750.


Package xcolor Warning: Incompatible color definition on input line 1750.

Missing character: There is no χ in font [lmroman10-regular]:mapping=tex-text;!

Package xcolor Warning: Incompatible color definition on input line 1762.


Package xcolor Warning: Incompatible color definition on input line 1766.


Package xcolor Warning: Incompatible color definition on input line 1766.


Package xcolor Warning: Incompatible color definition on input line 1774.


Package xcolor Warning: Incompatible color definition on input line 1778.


Package xcolor Warning: Incompatible color definition on input line 1778.


Package xcolor Warning: Incompatible color definition on input line 1790.

[53]

Package xcolor Warning: Incompatible color definition on input line 1802.


Package xcolor Warning: Incompatible color definition on input line 1802.

File: livroR-1.0_files/figure-latex/bar-tab-1.pdf Graphic file (type pdf)
<use livroR-1.0_files/figure-latex/bar-tab-1.pdf>
[54] [55] [56

]
Chapter 4.
[57]

Package xcolor Warning: Incompatible color definition on input line 1844.


Package xcolor Warning: Incompatible color definition on input line 1849.


Package xcolor Warning: Incompatible color definition on input line 1849.


Package xcolor Warning: Incompatible color definition on input line 1857.


Package xcolor Warning: Incompatible color definition on input line 1861.


Package xcolor Warning: Incompatible color definition on input line 1861.


Overfull \hbox (75.0pt too wide) in paragraph at lines 1877--1877
[]\TU/lmtt/m/n/10 ##   [1] 26.36501 25.73118 23.16434 26.93999 25.85006 29.2228
9 21.34791 22.92014[] 
 []


Overfull \hbox (75.0pt too wide) in paragraph at lines 1877--1877
[]\TU/lmtt/m/n/10 ##   [9] 19.70599 31.88009 25.58378 20.48762 19.18464 29.1934
4 27.02799 31.80449[] 
 []


Overfull \hbox (75.0pt too wide) in paragraph at lines 1877--1877
[]\TU/lmtt/m/n/10 ##  [17] 26.70808 27.30077 23.83039 33.02083 23.89138 17.0115
9 20.68980 22.81711[] 
 []


Overfull \hbox (75.0pt too wide) in paragraph at lines 1877--1877
[]\TU/lmtt/m/n/10 ##  [25] 18.44307 23.54454 30.40893 21.37080 25.12759 23.9750
7 30.85514 25.59575[] 
 []


Overfull \hbox (75.0pt too wide) in paragraph at lines 1877--1877
[]\TU/lmtt/m/n/10 ##  [33] 17.99771 29.42112 24.44470 19.22824 26.81323 20.5745
0 24.53800 32.36946[] 
 []


Overfull \hbox (75.0pt too wide) in paragraph at lines 1877--1877
[]\TU/lmtt/m/n/10 ##  [41] 25.23524 19.84181 19.61879 27.74526 31.68906 23.6640
1 28.26906 24.93702[] 
 []


Overfull \hbox (75.0pt too wide) in paragraph at lines 1877--1877
[]\TU/lmtt/m/n/10 ##  [49] 31.93121 29.25393 23.70445 25.96390 20.11329 20.4577
2 17.87934 26.57236[] 
 []


Overfull \hbox (75.0pt too wide) in paragraph at lines 1877--1877
[]\TU/lmtt/m/n/10 ##  [57] 22.84551 16.27916 28.03817 24.16301 31.17074 20.0219
0 26.56155 20.62508[] 
 []


Overfull \hbox (75.0pt too wide) in paragraph at lines 1877--1877
[]\TU/lmtt/m/n/10 ##  [65] 18.92214 20.38837 27.83197 18.62320 19.12094 29.2984
5 22.72270 28.68786[] 
 []


Overfull \hbox (75.0pt too wide) in paragraph at lines 1877--1877
[]\TU/lmtt/m/n/10 ##  [73] 22.64878 30.43969 19.48136 24.94834 28.74896 24.9925
2 21.52521 22.19714[] 
 []


Overfull \hbox (75.0pt too wide) in paragraph at lines 1877--1877
[]\TU/lmtt/m/n/10 ##  [81] 22.72903 23.69804 30.32393 29.37573 29.65554 22.1899
7 24.85922 21.19787[] 
 []


Overfull \hbox (75.0pt too wide) in paragraph at lines 1877--1877
[]\TU/lmtt/m/n/10 ##  [89] 27.94906 28.93757 27.42930 23.87127 33.93523 21.8912
6 26.24338 29.48277[] 
 []


Package xcolor Warning: Incompatible color definition on input line 1881.

[58]

Package xcolor Warning: Incompatible color definition on input line 1885.


Package xcolor Warning: Incompatible color definition on input line 1885.


Package xcolor Warning: Incompatible color definition on input line 1891.


Package xcolor Warning: Incompatible color definition on input line 1895.


Package xcolor Warning: Incompatible color definition on input line 1895.


Package xcolor Warning: Incompatible color definition on input line 1901.


Package xcolor Warning: Incompatible color definition on input line 1905.


Package xcolor Warning: Incompatible color definition on input line 1905.


Package xcolor Warning: Incompatible color definition on input line 1911.


Package xcolor Warning: Incompatible color definition on input line 1915.


Package xcolor Warning: Incompatible color definition on input line 1915.


Package xcolor Warning: Incompatible color definition on input line 1921.


Package xcolor Warning: Incompatible color definition on input line 1925.


Package xcolor Warning: Incompatible color definition on input line 1925.

File: livroR-1.0_files/figure-latex/hist-tam-cam-1.pdf Graphic file (type pdf)
<use livroR-1.0_files/figure-latex/hist-tam-cam-1.pdf>
[59]

Package xcolor Warning: Incompatible color definition on input line 1937.


Package xcolor Warning: Incompatible color definition on input line 1942.


Package xcolor Warning: Incompatible color definition on input line 1942.

[60]
Missing character: There is no μ in font [lmroman10-regular]:mapping=tex-text;!
Missing character: There is no ≤ in font [lmroman10-regular]:mapping=tex-text;!
Missing character: There is no μ in font [lmroman10-regular]:mapping=tex-text;!

Package xcolor Warning: Incompatible color definition on input line 1980.


Package xcolor Warning: Incompatible color definition on input line 1985.


Package xcolor Warning: Incompatible color definition on input line 1985.


Package xcolor Warning: Incompatible color definition on input line 1989.

[61]

Package xcolor Warning: Incompatible color definition on input line 1993.


Package xcolor Warning: Incompatible color definition on input line 1993.


Package xcolor Warning: Incompatible color definition on input line 1999.


Package xcolor Warning: Incompatible color definition on input line 2003.


Package xcolor Warning: Incompatible color definition on input line 2003.


Package xcolor Warning: Incompatible color definition on input line 2009.


Package xcolor Warning: Incompatible color definition on input line 2013.


Package xcolor Warning: Incompatible color definition on input line 2013.


Package xcolor Warning: Incompatible color definition on input line 2019.


Package xcolor Warning: Incompatible color definition on input line 2023.


Package xcolor Warning: Incompatible color definition on input line 2023.


Package xcolor Warning: Incompatible color definition on input line 2029.


Package xcolor Warning: Incompatible color definition on input line 2033.


Package xcolor Warning: Incompatible color definition on input line 2033.

File: livroR-1.0_files/figure-latex/estrelas-hist-1.pdf Graphic file (type pdf)

<use livroR-1.0_files/figure-latex/estrelas-hist-1.pdf>

Package xcolor Warning: Incompatible color definition on input line 2043.

[62]

Package xcolor Warning: Incompatible color definition on input line 2048.


Package xcolor Warning: Incompatible color definition on input line 2048.

[63]

Package xcolor Warning: Incompatible color definition on input line 2084.


Package xcolor Warning: Incompatible color definition on input line 2091.


Package xcolor Warning: Incompatible color definition on input line 2091.


Package xcolor Warning: Incompatible color definition on input line 2097.


Package xcolor Warning: Incompatible color definition on input line 2101.


Package xcolor Warning: Incompatible color definition on input line 2101.


Package xcolor Warning: Incompatible color definition on input line 2107.


Package xcolor Warning: Incompatible color definition on input line 2111.


Package xcolor Warning: Incompatible color definition on input line 2111.


Package xcolor Warning: Incompatible color definition on input line 2117.


Package xcolor Warning: Incompatible color definition on input line 2121.


Package xcolor Warning: Incompatible color definition on input line 2121.


Package xcolor Warning: Incompatible color definition on input line 2127.


Package xcolor Warning: Incompatible color definition on input line 2131.


Package xcolor Warning: Incompatible color definition on input line 2131.

File: livroR-1.0_files/figure-latex/craca-hist-1.pdf Graphic file (type pdf)
<use livroR-1.0_files/figure-latex/craca-hist-1.pdf>

Package xcolor Warning: Incompatible color definition on input line 2141.

[64]

Package xcolor Warning: Incompatible color definition on input line 2146.


Package xcolor Warning: Incompatible color definition on input line 2146.


Package xcolor Warning: Incompatible color definition on input line 2162.


Package xcolor Warning: Incompatible color definition on input line 2166.


Package xcolor Warning: Incompatible color definition on input line 2166.

[65] [66]

Package xcolor Warning: Incompatible color definition on input line 2198.


Package xcolor Warning: Incompatible color definition on input line 2203.


Package xcolor Warning: Incompatible color definition on input line 2203.


Package xcolor Warning: Incompatible color definition on input line 2205.


Package xcolor Warning: Incompatible color definition on input line 2209.


Package xcolor Warning: Incompatible color definition on input line 2209.

File: livroR-1.0_files/figure-latex/cracas-dens-95-1.pdf Graphic file (type pdf
)
<use livroR-1.0_files/figure-latex/cracas-dens-95-1.pdf>

Package xcolor Warning: Incompatible color definition on input line 2217.


Package xcolor Warning: Incompatible color definition on input line 2221.


Package xcolor Warning: Incompatible color definition on input line 2221.

File: livroR-1.0_files/figure-latex/cracas-dens-99-1.pdf Graphic file (type pdf
)
<use livroR-1.0_files/figure-latex/cracas-dens-99-1.pdf>
[67] [68]

Package xcolor Warning: Incompatible color definition on input line 2256.


Package xcolor Warning: Incompatible color definition on input line 2268.


Package xcolor Warning: Incompatible color definition on input line 2268.


Package xcolor Warning: Incompatible color definition on input line 2274.

[69]

Package xcolor Warning: Incompatible color definition on input line 2278.


Package xcolor Warning: Incompatible color definition on input line 2278.


Package xcolor Warning: Incompatible color definition on input line 2290.


Package xcolor Warning: Incompatible color definition on input line 2294.


Package xcolor Warning: Incompatible color definition on input line 2294.


Overfull \hbox (54.0pt too wide) in paragraph at lines 2300--2300
[]\TU/lmtt/m/n/10 ##  $ Alimento: chr  "Alimento A" "Alimento A" "Alimento A" "
Alimento A" ...[] 
 []


Package xcolor Warning: Incompatible color definition on input line 2302.


Package xcolor Warning: Incompatible color definition on input line 2308.


Package xcolor Warning: Incompatible color definition on input line 2308.


Overfull \hbox (101.25pt too wide) in paragraph at lines 2314--2314
[]\TU/lmtt/m/n/10 ##  $ Alimento: Factor w/ 2 levels "Alimento A","Alimento B":
 1 1 1 1 1 1 1 1 1 1 ...[] 
 []


Package xcolor Warning: Incompatible color definition on input line 2322.


Package xcolor Warning: Incompatible color definition on input line 2331.


Package xcolor Warning: Incompatible color definition on input line 2331.

File: livroR-1.0_files/figure-latex/hist-ali-A-1.pdf Graphic file (type pdf)
<use livroR-1.0_files/figure-latex/hist-ali-A-1.pdf>

Package xcolor Warning: Incompatible color definition on input line 2339.

[70] [71]

Package xcolor Warning: Incompatible color definition on input line 2348.


Package xcolor Warning: Incompatible color definition on input line 2348.

File: livroR-1.0_files/figure-latex/hist-ali-B-1.pdf Graphic file (type pdf)
<use livroR-1.0_files/figure-latex/hist-ali-B-1.pdf>

Package xcolor Warning: Incompatible color definition on input line 2356.


Package xcolor Warning: Incompatible color definition on input line 2360.


Package xcolor Warning: Incompatible color definition on input line 2360.

File: livroR-1.0_files/figure-latex/box-ali-1.pdf Graphic file (type pdf)
<use livroR-1.0_files/figure-latex/box-ali-1.pdf>
[72]

Package xcolor Warning: Incompatible color definition on input line 2376.


Package xcolor Warning: Incompatible color definition on input line 2380.


Package xcolor Warning: Incompatible color definition on input line 2380.


Package xcolor Warning: Incompatible color definition on input line 2392.


Package xcolor Warning: Incompatible color definition on input line 2396.


Package xcolor Warning: Incompatible color definition on input line 2396.


Package xcolor Warning: Incompatible color definition on input line 2402.

[73]

Package xcolor Warning: Incompatible color definition on input line 2406.


Package xcolor Warning: Incompatible color definition on input line 2406.


Package xcolor Warning: Incompatible color definition on input line 2412.


Package xcolor Warning: Incompatible color definition on input line 2416.


Package xcolor Warning: Incompatible color definition on input line 2416.


Package xcolor Warning: Incompatible color definition on input line 2424.


Package xcolor Warning: Incompatible color definition on input line 2429.


Package xcolor Warning: Incompatible color definition on input line 2429.


Package xcolor Warning: Incompatible color definition on input line 2441.


Package xcolor Warning: Incompatible color definition on input line 2445.


Package xcolor Warning: Incompatible color definition on input line 2445.


Package xcolor Warning: Incompatible color definition on input line 2455.


Package xcolor Warning: Incompatible color definition on input line 2459.


Package xcolor Warning: Incompatible color definition on input line 2459.


Package xcolor Warning: Incompatible color definition on input line 2469.

[74]

Package xcolor Warning: Incompatible color definition on input line 2473.


Package xcolor Warning: Incompatible color definition on input line 2473.


Package xcolor Warning: Incompatible color definition on input line 2485.


Package xcolor Warning: Incompatible color definition on input line 2492.


Package xcolor Warning: Incompatible color definition on input line 2492.


Overfull \hbox (17.25pt too wide) in paragraph at lines 2506--2506
[]\TU/lmtt/m/n/10 ## alternative hypothesis: true difference in means is not eq
ual to 0[] 
 []

[75]

Package xcolor Warning: Incompatible color definition on input line 2514.


Package xcolor Warning: Incompatible color definition on input line 2522.


Package xcolor Warning: Incompatible color definition on input line 2522.

File: livroR-1.0_files/figure-latex/testet-duas-dens-1.pdf Graphic file (type p
df)
<use livroR-1.0_files/figure-latex/testet-duas-dens-1.pdf>
[76]

Package xcolor Warning: Incompatible color definition on input line 2534.


Package xcolor Warning: Incompatible color definition on input line 2546.


Package xcolor Warning: Incompatible color definition on input line 2546.


Package xcolor Warning: Incompatible color definition on input line 2558.


Package xcolor Warning: Incompatible color definition on input line 2562.


Package xcolor Warning: Incompatible color definition on input line 2562.


Package xcolor Warning: Incompatible color definition on input line 2574.


Package xcolor Warning: Incompatible color definition on input line 2578.


Package xcolor Warning: Incompatible color definition on input line 2578.


Package xcolor Warning: Incompatible color definition on input line 2586.

[77]

Package xcolor Warning: Incompatible color definition on input line 2592.


Package xcolor Warning: Incompatible color definition on input line 2592.


Overfull \hbox (69.75pt too wide) in paragraph at lines 2598--2598
[]\TU/lmtt/m/n/10 ##  $ Ano        : Factor w/ 2 levels "Ano 0","Ano 20": 1 1 1
 1 1 1 1 1 1 1 ...[] 
 []


Package xcolor Warning: Incompatible color definition on input line 2600.


Package xcolor Warning: Incompatible color definition on input line 2609.


Package xcolor Warning: Incompatible color definition on input line 2609.

File: livroR-1.0_files/figure-latex/hist-temp-0-1.pdf Graphic file (type pdf)
<use livroR-1.0_files/figure-latex/hist-temp-0-1.pdf>

Package xcolor Warning: Incompatible color definition on input line 2617.


Package xcolor Warning: Incompatible color definition on input line 2626.


Package xcolor Warning: Incompatible color definition on input line 2626.

File: livroR-1.0_files/figure-latex/hist-temp-20-1.pdf Graphic file (type pdf)
<use livroR-1.0_files/figure-latex/hist-temp-20-1.pdf>

Package xcolor Warning: Incompatible color definition on input line 2634.

[78]

Package xcolor Warning: Incompatible color definition on input line 2638.


Package xcolor Warning: Incompatible color definition on input line 2638.

File: livroR-1.0_files/figure-latex/box-temp-1.pdf Graphic file (type pdf)
<use livroR-1.0_files/figure-latex/box-temp-1.pdf>

Package xcolor Warning: Incompatible color definition on input line 2648.


Package xcolor Warning: Incompatible color definition on input line 2652.


Package xcolor Warning: Incompatible color definition on input line 2652.


Package xcolor Warning: Incompatible color definition on input line 2664.

[79]

Package xcolor Warning: Incompatible color definition on input line 2669.


Package xcolor Warning: Incompatible color definition on input line 2669.


Package xcolor Warning: Incompatible color definition on input line 2681.


Package xcolor Warning: Incompatible color definition on input line 2685.


Package xcolor Warning: Incompatible color definition on input line 2685.


Package xcolor Warning: Incompatible color definition on input line 2695.

[80]

Package xcolor Warning: Incompatible color definition on input line 2699.


Package xcolor Warning: Incompatible color definition on input line 2699.


Package xcolor Warning: Incompatible color definition on input line 2709.


Package xcolor Warning: Incompatible color definition on input line 2713.


Package xcolor Warning: Incompatible color definition on input line 2713.


Package xcolor Warning: Incompatible color definition on input line 2725.


Package xcolor Warning: Incompatible color definition on input line 2732.


Package xcolor Warning: Incompatible color definition on input line 2732.


Overfull \hbox (17.25pt too wide) in paragraph at lines 2746--2746
[]\TU/lmtt/m/n/10 ## alternative hypothesis: true difference in means is not eq
ual to 0[] 
 []


Package xcolor Warning: Incompatible color definition on input line 2748.

[81]

Package xcolor Warning: Incompatible color definition on input line 2755.


Package xcolor Warning: Incompatible color definition on input line 2755.


Overfull \hbox (17.25pt too wide) in paragraph at lines 2769--2769
[]\TU/lmtt/m/n/10 ## alternative hypothesis: true difference in means is not eq
ual to 0[] 
 []


Package xcolor Warning: Incompatible color definition on input line 2777.


Package xcolor Warning: Incompatible color definition on input line 2785.


Package xcolor Warning: Incompatible color definition on input line 2785.

File: livroR-1.0_files/figure-latex/testet-duas-temp-dens-1.pdf Graphic file (t
ype pdf)
<use livroR-1.0_files/figure-latex/testet-duas-temp-dens-1.pdf>
[82] [83]

Package xcolor Warning: Incompatible color definition on input line 2816.


Package xcolor Warning: Incompatible color definition on input line 2829.


Package xcolor Warning: Incompatible color definition on input line 2829.


Package xcolor Warning: Incompatible color definition on input line 2833.


Package xcolor Warning: Incompatible color definition on input line 2837.


Package xcolor Warning: Incompatible color definition on input line 2837.


Package xcolor Warning: Incompatible color definition on input line 2849.

[84]

Package xcolor Warning: Incompatible color definition on input line 2853.


Package xcolor Warning: Incompatible color definition on input line 2853.


Package xcolor Warning: Incompatible color definition on input line 2862.


Package xcolor Warning: Incompatible color definition on input line 2869.


Package xcolor Warning: Incompatible color definition on input line 2869.


Overfull \hbox (138.0pt too wide) in paragraph at lines 2876--2876
[]\TU/lmtt/m/n/10 ##  $ Dia         : Factor w/ 20 levels "Dia 1","Dia 10",..: 
1 12 14 15 16 17 18 19 20 2 ...[] 
 []


Package xcolor Warning: Incompatible color definition on input line 2886.


Package xcolor Warning: Incompatible color definition on input line 2895.


Package xcolor Warning: Incompatible color definition on input line 2895.

File: livroR-1.0_files/figure-latex/hist-par-obs1-1.pdf Graphic file (type pdf)

<use livroR-1.0_files/figure-latex/hist-par-obs1-1.pdf>

Package xcolor Warning: Incompatible color definition on input line 2903.


Package xcolor Warning: Incompatible color definition on input line 2912.


Package xcolor Warning: Incompatible color definition on input line 2912.

File: livroR-1.0_files/figure-latex/hist-par-obs2-1.pdf Graphic file (type pdf)

<use livroR-1.0_files/figure-latex/hist-par-obs2-1.pdf>

Package xcolor Warning: Incompatible color definition on input line 2920.


Package xcolor Warning: Incompatible color definition on input line 2927.


Package xcolor Warning: Incompatible color definition on input line 2927.

File: livroR-1.0_files/figure-latex/box-par-ave-1.pdf Graphic file (type pdf)
<use livroR-1.0_files/figure-latex/box-par-ave-1.pdf>
[85] [86] [87]

Package xcolor Warning: Incompatible color definition on input line 2939.


Package xcolor Warning: Incompatible color definition on input line 2943.


Package xcolor Warning: Incompatible color definition on input line 2943.


Package xcolor Warning: Incompatible color definition on input line 2964.


Package xcolor Warning: Incompatible color definition on input line 2968.


Package xcolor Warning: Incompatible color definition on input line 2968.


Package xcolor Warning: Incompatible color definition on input line 2972.


Package xcolor Warning: Incompatible color definition on input line 2976.


Package xcolor Warning: Incompatible color definition on input line 2976.

[88]

Package xcolor Warning: Incompatible color definition on input line 2988.


Package xcolor Warning: Incompatible color definition on input line 2995.


Package xcolor Warning: Incompatible color definition on input line 2995.


Overfull \hbox (17.25pt too wide) in paragraph at lines 3009--3009
[]\TU/lmtt/m/n/10 ## alternative hypothesis: true difference in means is not eq
ual to 0[] 
 []


Package xcolor Warning: Incompatible color definition on input line 3017.


Package xcolor Warning: Incompatible color definition on input line 3025.


Package xcolor Warning: Incompatible color definition on input line 3025.

File: livroR-1.0_files/figure-latex/testet-par-ave-1.pdf Graphic file (type pdf
)
<use livroR-1.0_files/figure-latex/testet-par-ave-1.pdf>

Package xcolor Warning: Incompatible color definition on input line 3035.

[89] [90]

Package xcolor Warning: Incompatible color definition on input line 3046.


Package xcolor Warning: Incompatible color definition on input line 3046.

File: livroR-1.0_files/figure-latex/bar-dif-ave-1.pdf Graphic file (type pdf)
<use livroR-1.0_files/figure-latex/bar-dif-ave-1.pdf>
[91]

Package xcolor Warning: Incompatible color definition on input line 3058.


Package xcolor Warning: Incompatible color definition on input line 3078.


Package xcolor Warning: Incompatible color definition on input line 3078.

File: livroR-1.0_files/figure-latex/bar-dif-ave2-1.pdf Graphic file (type pdf)
<use livroR-1.0_files/figure-latex/bar-dif-ave2-1.pdf>
[92] [93] [94

]
Chapter 5.
No file livroR-1.0.bbl.
[95] (./livroR-1.0.aux)
Package rerunfilecheck Info: File `livroR-1.0.out' has not changed.
(rerunfilecheck)             Checksum: FBFD57DC6EA7B627D7FBCB0B18AEB5B5;3482.

LaTeX Warning: There were undefined references.


LaTeX Warning: Label(s) may have changed. Rerun to get cross-references right.

 ) 
Here is how much of TeX's memory you used:
 18340 strings out of 479401
 323238 string characters out of 5879750
 777166 words of memory out of 5000000
 37381 multiletter control sequences out of 15000+600000
 541693 words of font info for 89 fonts, out of 8000000 for 9000
 14 hyphenation exceptions out of 8191
 94i,11n,118p,1775b,470s stack positions out of 5000i,500n,10000p,200000b,80000s

Output written on livroR-1.0.pdf (95 pages).
